2017-09-28 17:27:28,497 - read_xls - INFO - 读取xls文件
2017-09-28 17:27:28,498 - read_xls - INFO - 读取第一个页签的内容
2017-09-28 17:27:28,498 - read_xls - INFO - 获取行数
2017-09-28 17:27:28,498 - read_xls - INFO - 获取列数
2017-09-28 17:27:28,498 - read_xls - INFO - 获取数据并存到列表中
2017-09-28 17:27:28,635 - read_xls - INFO - 读取xls文件
2017-09-28 17:27:28,635 - read_xls - INFO - 读取第一个页签的内容
2017-09-28 17:27:28,635 - read_xls - INFO - 获取行数
2017-09-28 17:27:28,635 - read_xls - INFO - 获取列数
2017-09-28 17:27:28,635 - read_xls - INFO - 获取数据并存到列表中
2017-09-28 17:27:28,750 - weather_repoter - INFO - 天气预报测试结束
2017-09-28 17:27:38,929 - read_xls - INFO - 读取xls文件
2017-09-28 17:27:38,930 - read_xls - INFO - 读取第一个页签的内容
2017-09-28 17:27:38,930 - read_xls - INFO - 获取行数
2017-09-28 17:27:38,930 - read_xls - INFO - 获取列数
2017-09-28 17:27:38,930 - read_xls - INFO - 获取数据并存到列表中
2017-09-28 17:27:39,058 - read_xls - INFO - 读取xls文件
2017-09-28 17:27:39,058 - read_xls - INFO - 读取第一个页签的内容
2017-09-28 17:27:39,058 - read_xls - INFO - 获取行数
2017-09-28 17:27:39,058 - read_xls - INFO - 获取列数
2017-09-28 17:27:39,058 - read_xls - INFO - 获取数据并存到列表中
2017-09-28 17:27:39,141 - weather_repoter - INFO - 天气预报测试结束
