2017-09-28 17:30:10,743 - read_xls - INFO - 读取xls文件
2017-09-28 17:30:10,743 - read_xls - INFO - 读取第一个页签的内容
2017-09-28 17:30:10,743 - read_xls - INFO - 获取行数
2017-09-28 17:30:10,743 - read_xls - INFO - 获取列数
2017-09-28 17:30:10,743 - read_xls - INFO - 获取数据并存到列表中
2017-09-28 17:30:10,862 - weather_repoter - INFO - 天气预报测试结束
2017-09-28 17:30:36,911 - read_xls - INFO - 读取xls文件
2017-09-28 17:30:36,911 - read_xls - INFO - 读取第一个页签的内容
2017-09-28 17:30:36,911 - read_xls - INFO - 获取行数
2017-09-28 17:30:36,911 - read_xls - INFO - 获取列数
2017-09-28 17:30:36,911 - read_xls - INFO - 获取数据并存到列表中
2017-09-28 17:30:37,158 - weather_repoter - INFO - 天气预报测试结束
2017-09-28 17:30:48,411 - read_xls - INFO - 读取xls文件
2017-09-28 17:30:48,411 - read_xls - INFO - 读取第一个页签的内容
2017-09-28 17:30:48,411 - read_xls - INFO - 获取行数
2017-09-28 17:30:48,411 - read_xls - INFO - 获取列数
2017-09-28 17:30:48,411 - read_xls - INFO - 获取数据并存到列表中
2017-09-28 17:30:48,503 - weather_repoter - INFO - 天气预报测试结束
2017-09-28 17:30:55,063 - read_xls - INFO - 读取xls文件
2017-09-28 17:30:55,063 - read_xls - INFO - 读取第一个页签的内容
2017-09-28 17:30:55,063 - read_xls - INFO - 获取行数
2017-09-28 17:30:55,063 - read_xls - INFO - 获取列数
2017-09-28 17:30:55,063 - read_xls - INFO - 获取数据并存到列表中
2017-09-28 17:30:55,169 - weather_repoter - INFO - 天气预报测试结束
