2017-09-28 17:28:23,362 - read_xls - INFO - 读取xls文件
2017-09-28 17:28:23,362 - read_xls - INFO - 读取第一个页签的内容
2017-09-28 17:28:23,362 - read_xls - INFO - 获取行数
2017-09-28 17:28:23,362 - read_xls - INFO - 获取列数
2017-09-28 17:28:23,362 - read_xls - INFO - 获取数据并存到列表中
2017-09-28 17:28:23,493 - read_xls - INFO - 读取xls文件
2017-09-28 17:28:23,493 - read_xls - INFO - 读取第一个页签的内容
2017-09-28 17:28:23,493 - read_xls - INFO - 获取行数
2017-09-28 17:28:23,493 - read_xls - INFO - 获取列数
2017-09-28 17:28:23,493 - read_xls - INFO - 获取数据并存到列表中
2017-09-28 17:28:23,602 - weather_repoter - INFO - 天气预报测试结束
2017-09-28 17:28:35,334 - read_xls - INFO - 读取xls文件
2017-09-28 17:28:35,335 - read_xls - INFO - 读取第一个页签的内容
2017-09-28 17:28:35,335 - read_xls - INFO - 获取行数
2017-09-28 17:28:35,335 - read_xls - INFO - 获取列数
2017-09-28 17:28:35,335 - read_xls - INFO - 获取数据并存到列表中
2017-09-28 17:28:35,467 - read_xls - INFO - 读取xls文件
2017-09-28 17:28:35,467 - read_xls - INFO - 读取第一个页签的内容
2017-09-28 17:28:35,467 - read_xls - INFO - 获取行数
2017-09-28 17:28:35,468 - read_xls - INFO - 获取列数
2017-09-28 17:28:35,468 - read_xls - INFO - 获取数据并存到列表中
2017-09-28 17:28:35,578 - weather_repoter - INFO - 天气预报测试结束
